<?xml version="1.0" encoding="UTF-8"?>
<!-- Generated by org.testng.reporters.JUnitReportReporter -->
<testsuite hostname="MacBooks-MacBook-Pro.local" failures="0" tests="1" name="tests.LoginTest" time="17.934" errors="0" timestamp="2022-01-22T18:21:14 GMT" skipped="0">
  <testcase classname="tests.LoginTest" name="login" time="17.934"/>
  <system-out/>
</testsuite> <!-- tests.LoginTest -->
