<?xml version="1.0" encoding="UTF-8"?>
<!-- Generated by org.testng.reporters.JUnitReportReporter -->
<testsuite hostname="MacBooks-MacBook-Pro.local" failures="0" tests="1" name="tests.FacebookTest" time="15.288" errors="0" timestamp="2022-01-22T18:16:14 GMT" skipped="0">
  <testcase classname="tests.FacebookTest" name="facebookTest" time="15.288"/>
  <system-out/>
</testsuite> <!-- tests.FacebookTest -->
